{"__type":"$$EventMessageAudit","id":"9a50af64-f797-4599-a866-01cd1bb4b3a6","ts":"2025-08-09T22:56:07.999+00:00","eventName":"n8n.audit.user.credentials.created","message":"n8n.audit.user.credentials.created","payload":{"userId":"57f55852-69e1-44d0-88ae-a25f4be866f8","_email":"flamingostory5@gmail.com","_firstName":"FLAMINGO","_lastName":"STORY","globalRole":"global:owner","credentialType":"telegramApi","credentialId":"q07BFPDG9HIHw0Vf","publicApi":false,"projectId":"DDJhNGREWwH1xzT2","projectType":"personal"}}
{"__type":"$$EventMessageConfirm","confirm":"9a50af64-f797-4599-a866-01cd1bb4b3a6","ts":"2025-08-09T22:56:08.002+00:00","source":{"id":"0","name":"eventBus"}}
{"__type":"$$EventMessageAudit","id":"a66b909f-65de-4fac-8da8-80c303ce45af","ts":"2025-08-10T01:59:23.527+03:00","eventName":"n8n.audit.workflow.updated","message":"n8n.audit.workflow.updated","payload":{"userId":"57f55852-69e1-44d0-88ae-a25f4be866f8","_email":"flamingostory5@gmail.com","_firstName":"FLAMINGO","_lastName":"STORY","globalRole":"global:owner","workflowId":"clULpctIEeVt5mpt","workflowName":"Telegram Control"}}
{"__type":"$$EventMessageConfirm","confirm":"a66b909f-65de-4fac-8da8-80c303ce45af","ts":"2025-08-10T01:59:23.527+03:00","source":{"id":"0","name":"eventBus"}}
{"__type":"$$EventMessageAudit","id":"f95fdab4-0740-47c0-bb29-96b216cd5ef5","ts":"2025-08-10T02:14:41.781+03:00","eventName":"n8n.audit.user.login.failed","message":"n8n.audit.user.login.failed","payload":{"authenticationMethod":"email","userEmail":"flamingostory5@gmail.com","reason":"wrong credentials"}}
{"__type":"$$EventMessageConfirm","confirm":"f95fdab4-0740-47c0-bb29-96b216cd5ef5","ts":"2025-08-10T02:14:41.782+03:00","source":{"id":"0","name":"eventBus"}}
{"__type":"$$EventMessageAudit","id":"77696d0f-51dd-4dba-a64c-88c0d2cdbb00","ts":"2025-08-10T02:15:11.534+03:00","eventName":"n8n.audit.user.login.success","message":"n8n.audit.user.login.success","payload":{"userId":"57f55852-69e1-44d0-88ae-a25f4be866f8","_email":"flamingostory5@gmail.com","_firstName":"FLAMINGO","_lastName":"STORY","globalRole":"global:owner","authenticationMethod":"email"}}
{"__type":"$$EventMessageConfirm","confirm":"77696d0f-51dd-4dba-a64c-88c0d2cdbb00","ts":"2025-08-10T02:15:11.535+03:00","source":{"id":"0","name":"eventBus"}}
{"__type":"$$EventMessageAudit","id":"8db10246-63c8-459f-9c23-98b3be94b5cb","ts":"2025-08-10T02:16:27.496+03:00","eventName":"n8n.audit.user.credentials.deleted","message":"n8n.audit.user.credentials.deleted","payload":{"userId":"57f55852-69e1-44d0-88ae-a25f4be866f8","_email":"flamingostory5@gmail.com","_firstName":"FLAMINGO","_lastName":"STORY","globalRole":"global:owner","credentialType":"telegramApi","credentialId":"61MdJBvX1QHuEjEj"}}
{"__type":"$$EventMessageConfirm","confirm":"8db10246-63c8-459f-9c23-98b3be94b5cb","ts":"2025-08-10T02:16:27.497+03:00","source":{"id":"0","name":"eventBus"}}
{"__type":"$$EventMessageAudit","id":"b835975e-cab0-4792-9cc1-d4e45f4157fe","ts":"2025-08-10T02:16:30.803+03:00","eventName":"n8n.audit.user.credentials.deleted","message":"n8n.audit.user.credentials.deleted","payload":{"userId":"57f55852-69e1-44d0-88ae-a25f4be866f8","_email":"flamingostory5@gmail.com","_firstName":"FLAMINGO","_lastName":"STORY","globalRole":"global:owner","credentialType":"telegramApi","credentialId":"SJkp43VTOYm5SFLt"}}
{"__type":"$$EventMessageConfirm","confirm":"b835975e-cab0-4792-9cc1-d4e45f4157fe","ts":"2025-08-10T02:16:30.803+03:00","source":{"id":"0","name":"eventBus"}}
{"__type":"$$EventMessageAudit","id":"ce0102c8-35e2-4dc9-93f6-a9ecda1db77b","ts":"2025-08-10T02:16:35.221+03:00","eventName":"n8n.audit.user.credentials.deleted","message":"n8n.audit.user.credentials.deleted","payload":{"userId":"57f55852-69e1-44d0-88ae-a25f4be866f8","_email":"flamingostory5@gmail.com","_firstName":"FLAMINGO","_lastName":"STORY","globalRole":"global:owner","credentialType":"telegramApi","credentialId":"q07BFPDG9HIHw0Vf"}}
{"__type":"$$EventMessageConfirm","confirm":"ce0102c8-35e2-4dc9-93f6-a9ecda1db77b","ts":"2025-08-10T02:16:35.221+03:00","source":{"id":"0","name":"eventBus"}}
{"__type":"$$EventMessageAudit","id":"bdb58c74-b1ef-4377-b6a9-b4496d771efa","ts":"2025-08-10T02:19:22.695+03:00","eventName":"n8n.audit.user.credentials.created","message":"n8n.audit.user.credentials.created","payload":{"userId":"57f55852-69e1-44d0-88ae-a25f4be866f8","_email":"flamingostory5@gmail.com","_firstName":"FLAMINGO","_lastName":"STORY","globalRole":"global:owner","credentialType":"telegramApi","credentialId":"5xxRJevxLdOHY1Nw","publicApi":false,"projectId":"DDJhNGREWwH1xzT2","projectType":"personal"}}
{"__type":"$$EventMessageConfirm","confirm":"bdb58c74-b1ef-4377-b6a9-b4496d771efa","ts":"2025-08-10T02:19:22.695+03:00","source":{"id":"0","name":"eventBus"}}
{"__type":"$$EventMessageAudit","id":"e6260658-dd6f-4b3c-9a1d-1c06f9406431","ts":"2025-08-10T02:38:24.181+03:00","eventName":"n8n.audit.workflow.archived","message":"n8n.audit.workflow.archived","payload":{"userId":"57f55852-69e1-44d0-88ae-a25f4be866f8","_email":"flamingostory5@gmail.com","_firstName":"FLAMINGO","_lastName":"STORY","globalRole":"global:owner","workflowId":"clULpctIEeVt5mpt"}}
{"__type":"$$EventMessageConfirm","confirm":"e6260658-dd6f-4b3c-9a1d-1c06f9406431","ts":"2025-08-10T02:38:24.181+03:00","source":{"id":"0","name":"eventBus"}}
{"__type":"$$EventMessageAudit","id":"010d0ef9-e75f-41e0-9f3d-4c3b0564afc1","ts":"2025-08-10T02:38:30.702+03:00","eventName":"n8n.audit.workflow.archived","message":"n8n.audit.workflow.archived","payload":{"userId":"57f55852-69e1-44d0-88ae-a25f4be866f8","_email":"flamingostory5@gmail.com","_firstName":"FLAMINGO","_lastName":"STORY","globalRole":"global:owner","workflowId":"ZFDTF9pRQiV3VQE6"}}
{"__type":"$$EventMessageConfirm","confirm":"010d0ef9-e75f-41e0-9f3d-4c3b0564afc1","ts":"2025-08-10T02:38:30.702+03:00","source":{"id":"0","name":"eventBus"}}
{"__type":"$$EventMessageAudit","id":"4605c59c-3a1c-491b-858d-67195bd12947","ts":"2025-08-10T02:38:33.586+03:00","eventName":"n8n.audit.workflow.archived","message":"n8n.audit.workflow.archived","payload":{"userId":"57f55852-69e1-44d0-88ae-a25f4be866f8","_email":"flamingostory5@gmail.com","_firstName":"FLAMINGO","_lastName":"STORY","globalRole":"global:owner","workflowId":"UP8j5NVNGrKO2hIm"}}
{"__type":"$$EventMessageConfirm","confirm":"4605c59c-3a1c-491b-858d-67195bd12947","ts":"2025-08-10T02:38:33.587+03:00","source":{"id":"0","name":"eventBus"}}
{"__type":"$$EventMessageAudit","id":"56205deb-9c49-4b5d-971e-c782dbda5b02","ts":"2025-08-10T02:38:56.016+03:00","eventName":"n8n.audit.user.credentials.deleted","message":"n8n.audit.user.credentials.deleted","payload":{"userId":"57f55852-69e1-44d0-88ae-a25f4be866f8","_email":"flamingostory5@gmail.com","_firstName":"FLAMINGO","_lastName":"STORY","globalRole":"global:owner","credentialType":"telegramApi","credentialId":"5xxRJevxLdOHY1Nw"}}
{"__type":"$$EventMessageConfirm","confirm":"56205deb-9c49-4b5d-971e-c782dbda5b02","ts":"2025-08-10T02:38:56.016+03:00","source":{"id":"0","name":"eventBus"}}
{"__type":"$$EventMessageAudit","id":"66a651b6-6c73-4525-b82d-8a630724a2ee","ts":"2025-08-10T02:40:31.486+03:00","eventName":"n8n.audit.user.credentials.created","message":"n8n.audit.user.credentials.created","payload":{"userId":"57f55852-69e1-44d0-88ae-a25f4be866f8","_email":"flamingostory5@gmail.com","_firstName":"FLAMINGO","_lastName":"STORY","globalRole":"global:owner","credentialType":"telegramApi","credentialId":"8LYRpqbX6d7Plh7q","publicApi":false,"projectId":"DDJhNGREWwH1xzT2","projectType":"personal"}}
{"__type":"$$EventMessageConfirm","confirm":"66a651b6-6c73-4525-b82d-8a630724a2ee","ts":"2025-08-10T02:40:31.486+03:00","source":{"id":"0","name":"eventBus"}}
